#SDC 1 
#ERR  p: [3216, 387], r: 1.0790717863469292e+34, e: 1.0790084038169178e+34
#SDC 2
#ERR  p: [240, 4117], r: 2.8979045351764740e+34, e: 2.8979045012501317e+34
#ERR  p: [240, 4102], r: 3.0019172025017728e+34, e: 3.0019172241905782e+34
#ERR  p: [240, 4096], r: 1.9092956297964876e+32, e: 1.9092927662382152e+32
#ERR  p: [240, 4118], r: -4.5025600266423550e+34, e: -4.5025600113542441e+34
#ERR  p: [240, 4103], r: 1.4168562345878553e+34, e: 1.4168562599704331e+34
#ERR  p: [240, 4104], r: -1.2871271278150062e+34, e: -1.2871271145968700e+34
#ERR  p: [240, 4097], r: -1.8239462763103753e+34, e: -1.8239462880981851e+34
#ERR  p: [240, 4119], r: 5.4459787481945730e+34, e: 5.4459787837186561e+34
#ERR  p: [240, 4105], r: -9.4515873753278334e+33, e: -9.4515876573446267e+33
#ERR  p: [240, 4098], r: -6.8636293068997223e+34, e: -6.8636293192589874e+34
#ERR  p: [240, 4120], r: -5.6806683972822324e+34, e: -5.6806684093839422e+34
#ERR  p: [240, 4106], r: -5.2701171590207705e+34, e: -5.2701171884106120e+34
#ERR  p: [240, 4099], r: 4.0276115505562303e+34, e: 4.0276115559419233e+34
#ERR  p: [240, 4121], r: 1.0204671979576223e+34, e: 1.0204672227876528e+34
#ERR  p: [240, 4107], r: -6.9056504758493798e+34, e: -6.9056504954303754e+34
#ERR  p: [240, 4122], r: -1.0380413831892704e+34, e: -1.0380413796275560e+34
#ERR  p: [240, 4100], r: 2.2004505778372675e+34, e: 2.2004505698871967e+34
#ERR  p: [240, 4101], r: 1.7100427166773257e+34, e: 1.7100427499671649e+34
#ERR  p: [240, 4108], r: -9.7112002641956066e+32, e: -9.7112011505776618e+32
#ERR  p: [240, 4123], r: -7.6345656684062624e+34, e: -7.6345656955431570e+34
#ERR  p: [240, 4109], r: -1.0440575379070938e+35, e: -1.0440575365872081e+35
#ERR  p: [240, 4124], r: -6.2207177395905742e+34, e: -6.2207177327056609e+34
#ERR  p: [240, 4110], r: -7.8109599147345377e+33, e: -7.8109599455445940e+33
#ERR  p: [240, 4125], r: 1.2873102662734953e+34, e: 1.2873102763356527e+34
#ERR  p: [240, 4111], r: 6.5641419605508927e+33, e: 6.5641419632603136e+33
#ERR  p: [240, 4126], r: -3.5323867423774697e+34, e: -3.5323867082359955e+34
#ERR  p: [240, 4112], r: 2.8570038564764367e+34, e: 2.8570038530399457e+34
#ERR  p: [240, 4113], r: 8.4507889098503676e+33, e: 8.4507890019124318e+33
#ERR  p: [240, 4127], r: -2.6297826089120092e+34, e: -2.6297825930299749e+34
#ERR  p: [240, 4114], r: -1.0239190912549304e+34, e: -1.0239190884808269e+34
#ERR  p: [240, 4115], r: -9.4225658638161715e+32, e: -9.4225625429973783e+32
#ERR  p: [240, 4116], r: 3.2677008144069423e+34, e: 3.2677008503793172e+34
#ERR  p: [1411, 1107], r: -7.5799020132399836e+34, e: -7.5799020113057023e+34
#SDC 3
#ERR  p: [240, 4117], r: 2.8979045351764740e+34, e: 2.8979045012501317e+34
#ERR  p: [240, 4102], r: 3.0019172025017728e+34, e: 3.0019172241905782e+34
#ERR  p: [240, 4096], r: 1.9092956297964876e+32, e: 1.9092927662382152e+32
#ERR  p: [240, 4118], r: -4.5025600266423550e+34, e: -4.5025600113542441e+34
#ERR  p: [240, 4103], r: 1.4168562345878553e+34, e: 1.4168562599704331e+34
#ERR  p: [240, 4104], r: -1.2871271278150062e+34, e: -1.2871271145968700e+34
#ERR  p: [240, 4097], r: -1.8239462763103753e+34, e: -1.8239462880981851e+34
#ERR  p: [240, 4119], r: 5.4459787481945730e+34, e: 5.4459787837186561e+34
#ERR  p: [240, 4105], r: -9.4515873753278334e+33, e: -9.4515876573446267e+33
#ERR  p: [240, 4098], r: -6.8636293068997223e+34, e: -6.8636293192589874e+34
#ERR  p: [240, 4120], r: -5.6806683972822324e+34, e: -5.6806684093839422e+34
#ERR  p: [240, 4106], r: -5.2701171590207705e+34, e: -5.2701171884106120e+34
#ERR  p: [240, 4099], r: 4.0276115505562303e+34, e: 4.0276115559419233e+34
#ERR  p: [240, 4121], r: 1.0204671979576223e+34, e: 1.0204672227876528e+34
#ERR  p: [240, 4107], r: -6.9056504758493798e+34, e: -6.9056504954303754e+34
#ERR  p: [240, 4122], r: -1.0380413831892704e+34, e: -1.0380413796275560e+34
#ERR  p: [240, 4100], r: 2.2004505778372675e+34, e: 2.2004505698871967e+34
#ERR  p: [240, 4101], r: 1.7100427166773257e+34, e: 1.7100427499671649e+34
#ERR  p: [240, 4108], r: -9.7112002641956066e+32, e: -9.7112011505776618e+32
#ERR  p: [240, 4123], r: -7.6345656684062624e+34, e: -7.6345656955431570e+34
#ERR  p: [240, 4109], r: -1.0440575379070938e+35, e: -1.0440575365872081e+35
#ERR  p: [240, 4124], r: -6.2207177395905742e+34, e: -6.2207177327056609e+34
#ERR  p: [240, 4110], r: -7.8109599147345377e+33, e: -7.8109599455445940e+33
#ERR  p: [240, 4125], r: 1.2873102662734953e+34, e: 1.2873102763356527e+34
#ERR  p: [240, 4111], r: 6.5641419605508927e+33, e: 6.5641419632603136e+33
#ERR  p: [240, 4126], r: -3.5323867423774697e+34, e: -3.5323867082359955e+34
#ERR  p: [240, 4112], r: 2.8570038564764367e+34, e: 2.8570038530399457e+34
#ERR  p: [240, 4113], r: 8.4507889098503676e+33, e: 8.4507890019124318e+33
#ERR  p: [240, 4127], r: -2.6297826089120092e+34, e: -2.6297825930299749e+34
#ERR  p: [240, 4114], r: -1.0239190912549304e+34, e: -1.0239190884808269e+34
#ERR  p: [240, 4115], r: -9.4225658638161715e+32, e: -9.4225625429973783e+32
#ERR  p: [240, 4116], r: 3.2677008144069423e+34, e: 3.2677008503793172e+34
#ERR  p: [1411, 1107], r: -7.5799020132399836e+34, e: -7.5799020113057023e+34
#SDC 4
#ERR  p: [3589, 841], r: -3.6815604173138008e+33, e: -4.3305975246306542e+33
#SDC 5
#ERR  p: [884, 433], r: 8.6652045007741034e+33, e: 8.6639368501738751e+33
#SDC 6
#ERR  p: [3753, 3873], r: -1.1809528250933085e+34, e: -1.1809528248762706e+34
#ERR  p: [3753, 3875], r: 2.3735878303422275e+34, e: 2.3735878308587474e+34
#ERR  p: [3753, 3876], r: 2.4140543575033771e+33, e: 2.4140543609203735e+33
#ERR  p: [3753, 3880], r: -1.5954254263081650e+34, e: -1.5954254266166143e+34
#ERR  p: [3753, 3881], r: -1.2643103855700355e+34, e: -1.2643103850858627e+34
#ERR  p: [3753, 3884], r: 4.0043746431497749e+33, e: 4.0043746451216903e+33
#ERR  p: [3753, 3888], r: 2.4955345876886653e+34, e: 2.4955345872781293e+34
#ERR  p: [3753, 3891], r: 4.5548493694624036e+34, e: 4.5548493699486063e+34
#ERR  p: [3753, 3892], r: -3.7505494461805613e+34, e: -3.7505494457281687e+34
#ERR  p: [3753, 3894], r: -3.4830233601421610e+34, e: -3.4830233605639329e+34
#ERR  p: [3753, 3897], r: 3.4039187601151440e+33, e: 3.4039187633747644e+33
#ERR  p: [3753, 3898], r: 6.3564409503865355e+33, e: 6.3564409487714492e+33
#ERR  p: [3753, 3899], r: -1.8984699054733956e+34, e: -1.8984699050148824e+34
#ERR  p: [3753, 3900], r: 4.4211694511924974e+34, e: 4.4211694507412808e+34
#ERR  p: [3753, 3901], r: 1.7921331422256678e+33, e: 1.7921331394037310e+33
#ERR  p: [3753, 3903], r: -2.6534824376417778e+34, e: -2.6534824372381067e+34
#ERR  p: [2595, 3111], r: -7.2745080740705370e+34, e: -7.2765363150309021e+34
#ERR  p: [3391, 1344], r: -6.6975705160347159e+33, e: -8.3332835134293929e+33
#ERR  p: [3391, 1345], r: -6.6520903268471679e+33, e: -4.5155713232276792e+33
#ERR  p: [3391, 1346], r: 3.8140641345771206e+34, e: 4.0052646275154988e+34
#ERR  p: [3391, 1347], r: -1.3382801909801469e+34, e: -1.1462862382641648e+34
#ERR  p: [3391, 1348], r: -1.7675587073837726e+34, e: -2.0009190862125668e+34
#ERR  p: [3391, 1349], r: -4.8281283715779277e+34, e: -5.0061592077313764e+34
#ERR  p: [3391, 1350], r: -4.8281841554130028e+34, e: -4.9148129001568404e+34
#ERR  p: [3391, 1351], r: 9.4595632635904841e+33, e: 8.6603314088919773e+33
#ERR  p: [3391, 1352], r: 2.6447856331835824e+34, e: 2.5949880357362449e+34
#ERR  p: [3391, 1353], r: 6.1360012687158571e+33, e: 4.2754253061806201e+33
#ERR  p: [3391, 1354], r: -5.7611277888761755e+33, e: -6.7854561261911316e+33
#ERR  p: [3391, 1355], r: 4.9240683384683609e+34, e: 4.7480123237931394e+34
#ERR  p: [3391, 1356], r: -1.8311775269237670e+34, e: -1.8624905240086377e+34
#ERR  p: [3391, 1357], r: 1.5784417717215992e+34, e: 1.6206285642535460e+34
#ERR  p: [3391, 1358], r: -3.6202829139278408e+34, e: -3.5936948852119443e+34
#ERR  p: [3391, 1359], r: 1.8880679192958817e+34, e: 2.0273405178698514e+34
#ERR  p: [3391, 1360], r: -6.8241986427113465e+33, e: -7.7038906479082800e+33
#ERR  p: [3391, 1361], r: -3.0281269967961436e+34, e: -2.9476617586052093e+34
#ERR  p: [3391, 1362], r: -4.5131097522396941e+34, e: -4.5820079475265420e+34
#ERR  p: [3391, 1363], r: 2.4367700252774483e+34, e: 2.2397881877575550e+34
#ERR  p: [3391, 1364], r: -5.2438908110951080e+33, e: -6.4993015742477689e+33
#ERR  p: [3391, 1365], r: 1.3523263136563967e+34, e: 1.5466081972388212e+34
#ERR  p: [3391, 1366], r: -1.2968186669062927e+34, e: -1.1957354367249676e+34
#ERR  p: [3391, 1367], r: 4.8939803522175501e+34, e: 4.8493925993449277e+34
#ERR  p: [3391, 1368], r: -6.6699187403890456e+33, e: -5.9143139927997643e+33
#ERR  p: [3391, 1369], r: 4.7615264648804543e+32, e: -1.5537582850016934e+32
#ERR  p: [3391, 1370], r: -1.4163029383228937e+34, e: -1.4742372019747781e+34
#ERR  p: [3391, 1371], r: 8.2514809033306965e+33, e: 8.3074280399427208e+33
#ERR  p: [3391, 1372], r: -6.1955041933250750e+34, e: -6.4267047770863305e+34
#ERR  p: [3391, 1373], r: -8.8681199086022828e+34, e: -8.8878559125431973e+34
#ERR  p: [3391, 1374], r: -2.0430222834054506e+34, e: -2.1699783506088728e+34
#ERR  p: [3391, 1375], r: 6.8366719135491572e+34, e: 6.6630709191177940e+34
#ERR  p: [156, 3467], r: 3.6001864752119718e+34, e: 3.6001865990059757e+34
#ERR  p: [44, 903], r: 2.6308030208384995e+34, e: 2.0904157009468299e+34
#ERR  p: [512, 1337], r: 1.7579894847197957e+34, e: 1.8358621641559133e+34
#SDC 7
#ERR  p: [1343, 1728], r: 2.3623616939590856e+34, e: 2.3623617335484483e+34
#ERR  p: [1343, 1729], r: 1.5326191610241107e+34, e: 1.5326191567897058e+34
#ERR  p: [1343, 1730], r: 3.0855663966296918e+34, e: 3.0855664012483618e+34
#ERR  p: [1343, 1731], r: 3.1692573958935451e+34, e: 3.1692574635955622e+34
#ERR  p: [1343, 1732], r: 2.8307160601947875e+34, e: 2.8307160772295412e+34
#ERR  p: [1343, 1733], r: -3.6495592441633757e+34, e: -3.6495592825242415e+34
#ERR  p: [1343, 1734], r: 2.4958694184146205e+34, e: 2.4958694338529257e+34
#ERR  p: [1343, 1735], r: 2.0300571853454595e+34, e: 2.0300571236616724e+34
#ERR  p: [1343, 1736], r: -5.4712539598308644e+34, e: -5.4712539724872272e+34
#ERR  p: [1343, 1737], r: 5.7374984584313663e+33, e: 5.7374983702116851e+33
#ERR  p: [1343, 1738], r: 2.9830287793223802e+34, e: 2.9830288392495392e+34
#ERR  p: [1343, 1739], r: -2.0751135849900019e+34, e: -2.0751136058443901e+34
#ERR  p: [1343, 1740], r: 4.8598922076179689e+34, e: 4.8598922583586383e+34
#ERR  p: [1343, 1741], r: -1.7284635659030272e+34, e: -1.7284635218486357e+34
#ERR  p: [1343, 1742], r: 2.1962644727588342e+34, e: 2.1962645410145672e+34
#ERR  p: [1343, 1743], r: 1.2990552990807739e+34, e: 1.2990553317551453e+34
#ERR  p: [1343, 1744], r: 4.7195367977122434e+34, e: 4.7195367612964964e+34
#ERR  p: [1343, 1745], r: 1.4787206600481163e+34, e: 1.4787207282736598e+34
#ERR  p: [1343, 1746], r: 4.8348370829089984e+34, e: 4.8348371366679010e+34
#ERR  p: [1343, 1747], r: 1.4878459725661195e+34, e: 1.4878460366408652e+34
#ERR  p: [1343, 1748], r: 9.6362032768019815e+33, e: 9.6362035845568574e+33
#ERR  p: [1343, 1749], r: 3.0628867205890945e+34, e: 3.0628867847738562e+34
#ERR  p: [1343, 1750], r: -6.4158204937592587e+34, e: -6.4158204608622761e+34
#ERR  p: [1343, 1751], r: 2.4059471384034679e+34, e: 2.4059471685935582e+34
#ERR  p: [1343, 1752], r: -2.3804459186004236e+34, e: -2.3804459517812665e+34
#ERR  p: [1343, 1753], r: 3.8043914663785970e+33, e: 3.8043912349899535e+33
#ERR  p: [1343, 1754], r: 1.1669052485474084e+34, e: 1.1669052128423204e+34
#ERR  p: [1343, 1755], r: 1.0133975238181005e+34, e: 1.0133974579847381e+34
#ERR  p: [1343, 1756], r: 6.9582525237941403e+34, e: 6.9582525016770567e+34
#ERR  p: [1343, 1757], r: 1.3764310539834254e+34, e: 1.3764310034418289e+34
#ERR  p: [1343, 1758], r: -6.4510650140430067e+34, e: -6.4510649450263824e+34
#ERR  p: [1343, 1759], r: -4.2789322874678205e+34, e: -4.2789322628245440e+34
#ERR  p: [2367, 1989], r: 1.0694179493969155e+34, e: 8.0642966766160121e+33
#ERR  p: [1919, 2818], r: 2.6736823964623402e+34, e: 2.6736824274108412e+34
